{"/Users/yongchuu/Desktop/web/VueJs/src/App.vue": {"path":"/Users/yongchuu/Desktop/web/VueJs/src/App.vue","statementMap":{"0":{"start":{"line":1,"column":1},"end":{"line":26,"column":4}},"1":{"start":{"line":4,"column":0},"end":{"line":6,"column":3}},"2":{"start":{"line":8,"column":18},"end":{"line":8,"column":52}},"3":{"start":{"line":10,"column":19},"end":{"line":10,"column":54}},"4":{"start":{"line":12,"column":39},"end":{"line":12,"column":93}},"5":{"start":{"line":14,"column":0},"end":{"line":19,"column":2}},"6":{"start":{"line":27,"column":0},"end":{"line":27,"column":70}},"7":{"start":{"line":27,"column":31},"end":{"line":27,"column":70}},"8":{"start":{"line":28,"column":24},"end":{"line":28,"column":100}},"9":{"start":{"line":29,"column":0},"end":{"line":29,"column":226}},"10":{"start":{"line":29,"column":54},"end":{"line":29,"column":58}},"11":{"start":{"line":29,"column":66},"end":{"line":29,"column":84}},"12":{"start":{"line":29,"column":92},"end":{"line":29,"column":108}},"13":{"start":{"line":29,"column":109},"end":{"line":29,"column":225}},"14":{"start":{"line":30,"column":0},"end":{"line":30,"column":37}}},"fnMap":{"0":{"name":"(anonymous_0)","decl":{"start":{"line":1,"column":2},"end":{"line":1,"column":3}},"loc":{"start":{"line":1,"column":12},"end":{"line":26,"column":1}},"line":1},"1":{"name":"_interopRequireDefault","decl":{"start":{"line":12,"column":9},"end":{"line":12,"column":31}},"loc":{"start":{"line":12,"column":37},"end":{"line":12,"column":95}},"line":12},"2":{"name":"render","decl":{"start":{"line":29,"column":35},"end":{"line":29,"column":41}},"loc":{"start":{"line":29,"column":45},"end":{"line":29,"column":226}},"line":29}},"branchMap":{"0":{"loc":{"start":{"line":12,"column":46},"end":{"line":12,"column":92}},"type":"cond-expr","locations":[{"start":{"line":12,"column":70},"end":{"line":12,"column":73}},{"start":{"line":12,"column":76},"end":{"line":12,"column":92}}],"line":12},"1":{"loc":{"start":{"line":12,"column":46},"end":{"line":12,"column":67}},"type":"binary-expr","locations":[{"start":{"line":12,"column":46},"end":{"line":12,"column":49}},{"start":{"line":12,"column":53},"end":{"line":12,"column":67}}],"line":12},"2":{"loc":{"start":{"line":27,"column":0},"end":{"line":27,"column":70}},"type":"if","locations":[{"start":{"line":27,"column":0},"end":{"line":27,"column":70}},{"start":{"line":27,"column":0},"end":{"line":27,"column":70}}],"line":27},"3":{"loc":{"start":{"line":28,"column":24},"end":{"line":28,"column":100}},"type":"cond-expr","locations":[{"start":{"line":28,"column":62},"end":{"line":28,"column":84}},{"start":{"line":28,"column":86},"end":{"line":28,"column":100}}],"line":28},"4":{"loc":{"start":{"line":29,"column":92},"end":{"line":29,"column":108}},"type":"binary-expr","locations":[{"start":{"line":29,"column":92},"end":{"line":29,"column":104}},{"start":{"line":29,"column":106},"end":{"line":29,"column":108}}],"line":29}},"s":{"0":0,"1":0,"2":0,"3":0,"4":0,"5":0,"6":0,"7":0,"8":0,"9":0,"10":0,"11":0,"12":0,"13":0,"14":0},"f":{"0":0,"1":0,"2":0},"b":{"0":[0,0],"1":[0,0],"2":[0,0],"3":[0,0],"4":[0,0]}}
,"/Users/yongchuu/Desktop/web/VueJs/src/components/HelloWorld.vue": {"path":"/Users/yongchuu/Desktop/web/VueJs/src/components/HelloWorld.vue","statementMap":{"0":{"start":{"line":27,"column":0},"end":{"line":null,"column":-1}}},"fnMap":{"0":{"name":"data","decl":{"start":{"line":26,"column":0},"end":{"line":null,"column":-1}},"loc":{"start":{"line":26,"column":0},"end":{"line":30,"column":0}}}},"branchMap":{},"s":{"0":0},"f":{"0":0},"b":{}}
}
