TN:
SF:/Users/yongchuu/Desktop/web/VueJs/src/App.vue
FN:1,(anonymous_0)
FN:12,_interopRequireDefault
FN:29,render
FNF:3
FNH:0
FNDA:0,(anonymous_0)
FNDA:0,_interopRequireDefault
FNDA:0,render
DA:1,0
DA:4,0
DA:8,0
DA:10,0
DA:12,0
DA:14,0
DA:27,0
DA:28,0
DA:29,0
DA:30,0
LF:10
LH:0
BRDA:12,0,0,0
BRDA:12,0,1,0
BRDA:12,1,0,0
BRDA:12,1,1,0
BRDA:27,2,0,0
BRDA:27,2,1,0
BRDA:28,3,0,0
BRDA:28,3,1,0
BRDA:29,4,0,0
BRDA:29,4,1,0
BRF:10
BRH:0
end_of_record
TN:
SF:/Users/yongchuu/Desktop/web/VueJs/src/components/HelloWorld.vue
FN:26,data
FNF:1
FNH:0
FNDA:0,data
DA:27,0
LF:1
LH:0
BRF:0
BRH:0
end_of_record
